Using pre-set license
Built from '2020.2/staging' branch; Version is '2020.2.7f1 (c53830e277f1) revision 12924976'; Using compiler version '192528614'; Build Type 'Release'
OS: 'Windows 10 Pro; OS build 19042.867; Version 2009; 64bit' Language: 'ja' Physical Memory: 16282 MB
BatchMode: 1, IsHumanControllingUs: 0, StartBugReporterOnCrash: 0, Is64bit: 1, IsPro: 0

 COMMAND LINE ARGUMENTS:
C:\Program Files\Unity\PS4\2020.2.7f1\Editor\Unity.exe
-adb2
-batchMode
-noUpm
-name
AssetImportWorker0
-projectPath
C:/unity/GPUTrail
-logFile
Logs/AssetImportWorker0.log
-srvPort
60998
Successfully changed project path to: C:/unity/GPUTrail
C:/unity/GPUTrail
Using Asset Import Pipeline V2.
Refreshing native plugins compatible for Editor in 47.72 ms, found 0 plugins.
Preloading 0 native plugins for Editor in 0.00 ms.
Initialize engine version: 2020.2.7f1 (c53830e277f1)
[Subsystems] Discovering subsystems at path C:/Program Files/Unity/PS4/2020.2.7f1/Editor/Data/Resources/UnitySubsystems
[Subsystems] Discovering subsystems at path C:/unity/GPUTrail/Assets
GfxDevice: creating device client; threaded=0
Direct3D:
    Version:  Direct3D 11.0 [level 11.1]
    Renderer: NVIDIA GeForce RTX 2080 with Max-Q Design (ID=0x1e90)
    Vendor:   
    VRAM:     8010 MB
    Driver:   27.21.14.6109
Initialize mono
Mono path[0] = 'C:/Program Files/Unity/PS4/2020.2.7f1/Editor/Data/Managed'
Mono path[1] = 'C:/Program Files/Unity/PS4/2020.2.7f1/Editor/Data/MonoBleedingEdge/lib/mono/unityjit'
Mono config path = 'C:/Program Files/Unity/PS4/2020.2.7f1/Editor/Data/MonoBleedingEdge/etc'
Using monoOptions --debugger-agent=transport=dt_socket,embedding=1,server=y,suspend=n,address=127.0.0.1:56724
Begin MonoManager ReloadAssembly
Registering precompiled unity dll's ...
Register platform support module: C:/Program Files/Unity/PS4/2020.2.7f1/Editor/Data/PlaybackEngines/WindowsStandaloneSupport/UnityEditor.WindowsStandalone.Extensions.dll
Registered in 0.002381 seconds.
Native extension for WindowsStandalone target not found
Refreshing native plugins compatible for Editor in 39.79 ms, found 0 plugins.
Preloading 0 native plugins for Editor in 0.00 ms.
Invoked RoslynAnalysisRunner static constructor.
RoslynAnalysisRunner will not be running.
RoslynAnalysisRunner has terminated.
Mono: successfully reloaded assembly
- Completed reload, in  1.170 seconds
Platform modules already initialized, skipping
Registering precompiled user dll's ...
Registered in 0.002783 seconds.
Begin MonoManager ReloadAssembly
Native extension for WindowsStandalone target not found
Refreshing native plugins compatible for Editor in 0.43 ms, found 0 plugins.
Preloading 0 native plugins for Editor in 0.00 ms.
Invoked RoslynAnalysisRunner static constructor.
RoslynAnalysisRunner will not be running.
RoslynAnalysisRunner has terminated.
Mono: successfully reloaded assembly
- Completed reload, in  0.976 seconds
Platform modules already initialized, skipping
========================================================================
Worker process is ready to serve import requests
Launched and connected shader compiler UnityShaderCompiler.exe after 0.06 seconds
Refreshing native plugins compatible for Editor in 0.41 ms, found 0 plugins.
Preloading 0 native plugins for Editor in 0.00 ms.
Unloading 1424 Unused Serialized files (Serialized files now loaded: 0)
System memory in use before: 65.2 MB.
System memory in use after: 65.3 MB.

Unloading 33 unused Assets to reduce memory usage. Loaded Objects now: 1854.
Total: 3.280100 ms (FindLiveObjects: 0.248400 ms CreateObjectMapping: 0.074400 ms MarkObjects: 2.871700 ms  DeleteObjects: 0.084300 ms)

========================================================================
Received Import Request.
  path: Assets/Packages/GPUTrail
  artifactKey: Guid(052800b5846fe8c4ca5858477fb80bc2) Importer(815301076,1909f56bfc062723c751e8b465ee728b)
Start importing Assets/Packages/GPUTrail using Guid(052800b5846fe8c4ca5858477fb80bc2) Importer(815301076,1909f56bfc062723c751e8b465ee728b)  -> (artifact id: '7d6e23849377ca993dcc42583978b5c9') in 0.006546 seconds
  Import took 0.009786 seconds .

========================================================================
Received Import Request.
  Time since last request: 3.809626 seconds.
  path: Assets/Packages/GPUTrail/Sample
  artifactKey: Guid(8800f49c2f304ce4fa5829a607612554) Importer(815301076,1909f56bfc062723c751e8b465ee728b)
Start importing Assets/Packages/GPUTrail/Sample using Guid(8800f49c2f304ce4fa5829a607612554) Importer(815301076,1909f56bfc062723c751e8b465ee728b)  -> (artifact id: '093ae5368027be1ecd5bfc5efbede1f0') in 0.001982 seconds
  Import took 0.004034 seconds .

========================================================================
Received Import Request.
  Time since last request: 2.414289 seconds.
  path: Assets/Packages/GPUTrail/Sample/GPUTrailSplineSample.unity
  artifactKey: Guid(5f29045ba16334440adcef4ad73c0a46) Importer(815301076,1909f56bfc062723c751e8b465ee728b)
Start importing Assets/Packages/GPUTrail/Sample/GPUTrailSplineSample.unity using Guid(5f29045ba16334440adcef4ad73c0a46) Importer(815301076,1909f56bfc062723c751e8b465ee728b)  -> (artifact id: '54919894d743f5d922e1df58184ef694') in 0.008403 seconds
  Import took 0.010652 seconds .

========================================================================
Received Import Request.
  Time since last request: 0.595887 seconds.
  path: Assets/Packages/GPUTrail/Sample/GPUTrailSample.unity
  artifactKey: Guid(5e752ff29789a674abd0569dfcb75579) Importer(815301076,1909f56bfc062723c751e8b465ee728b)
Start importing Assets/Packages/GPUTrail/Sample/GPUTrailSample.unity using Guid(5e752ff29789a674abd0569dfcb75579) Importer(815301076,1909f56bfc062723c751e8b465ee728b)  -> (artifact id: '0220310e5d97379e61d72b51ab6729f9') in 0.002323 seconds
  Import took 0.004581 seconds .

========================================================================
Received Prepare
Registering precompiled user dll's ...
Registered in 0.002790 seconds.
Begin MonoManager ReloadAssembly
Native extension for WindowsStandalone target not found
Refreshing native plugins compatible for Editor in 0.46 ms, found 0 plugins.
Preloading 0 native plugins for Editor in 0.00 ms.
Invoked RoslynAnalysisRunner static constructor.
RoslynAnalysisRunner will not be running.
RoslynAnalysisRunner has terminated.
Mono: successfully reloaded assembly
- Completed reload, in  0.906 seconds
Platform modules already initialized, skipping
Refreshing native plugins compatible for Editor in 0.40 ms, found 0 plugins.
Preloading 0 native plugins for Editor in 0.00 ms.
Unloading 1417 Unused Serialized files (Serialized files now loaded: 0)
System memory in use before: 65.0 MB.
System memory in use after: 65.1 MB.

Unloading 24 unused Assets to reduce memory usage. Loaded Objects now: 1857.
Total: 1.848500 ms (FindLiveObjects: 0.189300 ms CreateObjectMapping: 0.049400 ms MarkObjects: 1.590100 ms  DeleteObjects: 0.018800 ms)

========================================================================
Received Prepare
Registering precompiled user dll's ...
Registered in 0.002235 seconds.
Begin MonoManager ReloadAssembly
Native extension for WindowsStandalone target not found
Refreshing native plugins compatible for Editor in 0.41 ms, found 0 plugins.
Preloading 0 native plugins for Editor in 0.00 ms.
Invoked RoslynAnalysisRunner static constructor.
RoslynAnalysisRunner will not be running.
RoslynAnalysisRunner has terminated.
Mono: successfully reloaded assembly
- Completed reload, in  0.948 seconds
Platform modules already initialized, skipping
Refreshing native plugins compatible for Editor in 0.39 ms, found 0 plugins.
Preloading 0 native plugins for Editor in 0.00 ms.
Unloading 1417 Unused Serialized files (Serialized files now loaded: 0)
System memory in use before: 65.0 MB.
System memory in use after: 65.1 MB.

Unloading 24 unused Assets to reduce memory usage. Loaded Objects now: 1860.
Total: 2.081900 ms (FindLiveObjects: 0.246200 ms CreateObjectMapping: 0.071500 ms MarkObjects: 1.742300 ms  DeleteObjects: 0.020400 ms)

========================================================================
Received Import Request.
  Time since last request: 77.137245 seconds.
  path: Assets/Packages/GPUTrail/Sample/GPUTrailIndirectSample.unity
  artifactKey: Guid(34434622149c0594f86fe9841b125833) Importer(815301076,1909f56bfc062723c751e8b465ee728b)
Start importing Assets/Packages/GPUTrail/Sample/GPUTrailIndirectSample.unity using Guid(34434622149c0594f86fe9841b125833) Importer(815301076,1909f56bfc062723c751e8b465ee728b)  -> (artifact id: '0c4a33270fade305072010bbed9266fa') in 0.012968 seconds
  Import took 0.015302 seconds .

========================================================================
Received Prepare
Registering precompiled user dll's ...
Registered in 0.002307 seconds.
Begin MonoManager ReloadAssembly
Native extension for WindowsStandalone target not found
Refreshing native plugins compatible for Editor in 0.36 ms, found 0 plugins.
Preloading 0 native plugins for Editor in 0.00 ms.
Invoked RoslynAnalysisRunner static constructor.
RoslynAnalysisRunner will not be running.
RoslynAnalysisRunner has terminated.
Mono: successfully reloaded assembly
- Completed reload, in  0.815 seconds
Platform modules already initialized, skipping
Refreshing native plugins compatible for Editor in 0.35 ms, found 0 plugins.
Preloading 0 native plugins for Editor in 0.00 ms.
Unloading 1417 Unused Serialized files (Serialized files now loaded: 0)
System memory in use before: 65.1 MB.
System memory in use after: 65.2 MB.

Unloading 24 unused Assets to reduce memory usage. Loaded Objects now: 1863.
Total: 2.094400 ms (FindLiveObjects: 0.159800 ms CreateObjectMapping: 0.047300 ms MarkObjects: 1.866100 ms  DeleteObjects: 0.020300 ms)

========================================================================
Received Import Request.
  Time since last request: 29.997699 seconds.
  path: Assets/Packages/GPUTrail/Sample/GPUTrailIndirectCullingSample.unity
  artifactKey: Guid(1c58eccb616ffaa4abc8f41d4f27ec8b) Importer(815301076,1909f56bfc062723c751e8b465ee728b)
Start importing Assets/Packages/GPUTrail/Sample/GPUTrailIndirectCullingSample.unity using Guid(1c58eccb616ffaa4abc8f41d4f27ec8b) Importer(815301076,1909f56bfc062723c751e8b465ee728b)  -> (artifact id: '79133ae4771e78cc8dcfe66a253416a0') in 0.012749 seconds
  Import took 0.015120 seconds .

========================================================================
Received Prepare
Registering precompiled user dll's ...
Registered in 0.003483 seconds.
Begin MonoManager ReloadAssembly
Native extension for WindowsStandalone target not found
Refreshing native plugins compatible for Editor in 0.61 ms, found 0 plugins.
Preloading 0 native plugins for Editor in 0.00 ms.
Invoked RoslynAnalysisRunner static constructor.
RoslynAnalysisRunner will not be running.
RoslynAnalysisRunner has terminated.
Mono: successfully reloaded assembly
- Completed reload, in  0.893 seconds
Platform modules already initialized, skipping
Refreshing native plugins compatible for Editor in 0.55 ms, found 0 plugins.
Preloading 0 native plugins for Editor in 0.00 ms.
Unloading 1417 Unused Serialized files (Serialized files now loaded: 0)
System memory in use before: 65.1 MB.
System memory in use after: 65.2 MB.

Unloading 24 unused Assets to reduce memory usage. Loaded Objects now: 1866.
Total: 1.945600 ms (FindLiveObjects: 0.162900 ms CreateObjectMapping: 0.055300 ms MarkObjects: 1.704600 ms  DeleteObjects: 0.021600 ms)

AssetImportWorkerClient::OnTransportError - code=2 error=End of file
