
=== Tue Mar 30 17:31:14 2021

Packages were changed.
Update Mode: updateDependencies

The following packages were added:
  com.unity.2d.sprite@1.0.0
  com.unity.2d.tilemap@1.0.0
  com.unity.collab-proxy@1.3.9
  com.unity.ide.rider@2.0.7
  com.unity.ide.visualstudio@2.0.7
  com.unity.ide.vscode@1.2.3
  com.unity.modules.androidjni@1.0.0
  com.unity.test-framework@1.1.22
  com.unity.timeline@1.4.6
  com.unity.ugui@1.0.0
  com.unity.xr.legacyinputhelpers@2.1.7
The following packages were updated:
  com.unity.ads from version 2.0.8 to 3.6.1
  com.unity.analytics from version 2.0.16 to 3.5.3
  com.unity.purchasing from version 2.0.3 to 2.2.2
  com.unity.textmeshpro from version 1.2.4 to 3.0.1
The following packages were removed:
  com.unity.package-manager-ui@1.9.11
